2025-03-22 21:44:35,003 [26] INFO TransactionApi.Services.TransactionService - Request :{
  "PartnerKey": "FAKEGOOGLE",
  "PartnerRefNo": "FG-00001",
  "PartnerPassword": "RkFLRVBBU1NXT1JEMTIzNA==",
  "TotalAmount": 120500,
  "Items": [
    {
      "PartnerItemRef": "i-00001",
      "Name": "Eraser",
      "Qty": 5,
      "UnitPrice": 12000
    }
  ],
  "Timestamp": "2025-03-22T13:43:53.3823321Z",
  "Sig": "Kw0eSPTOGpoD/M2QxgD3rDtlSYDaRc5q8fVfixFh/yw="
}
2025-03-22 21:44:35,512 [26] INFO TransactionApi.Services.TransactionService - Starting transaction validation.
2025-03-22 21:44:36,073 [26] INFO TransactionApi.Services.TransactionService - Signature validated successfully.
2025-03-22 21:44:36,619 [26] INFO TransactionApi.Services.TransactionService - Timestamp validated successfully.
2025-03-22 21:44:37,458 [26] INFO TransactionApi.Services.TransactionService - Timestamp validated successfully.
2025-03-22 21:44:38,688 [26] INFO TransactionApi.Services.TransactionService - Sig validated successfully.
2025-03-22 21:44:44,025 [26] INFO TransactionApi.Services.TransactionService - Signature validated successfully.
2025-03-22 21:45:27,230 [26] WARN TransactionApi.Services.TransactionService - Invalied Total Amount for PartnerRefNo FG-00001.
2025-03-22 21:51:40,036 [20] INFO TransactionApi.Services.TransactionService - Request :{
  "PartnerKey": "FAKEGOOGLE",
  "PartnerRefNo": "FG-00001",
  "PartnerPassword": "RkFLRVBBU1NXT1JEMTIzNA==",
  "TotalAmount": 120500,
  "Items": [
    {
      "PartnerItemRef": "i-00001",
      "Name": "Eraser",
      "Qty": 5,
      "UnitPrice": 12000
    }
  ],
  "Timestamp": "2025-03-22T13:43:53.3823321Z",
  "Sig": "Kw0eSPTOGpoD/M2QxgD3rDtlSYDaRc5q8fVfixFh/yw="
}
2025-03-22 21:51:40,045 [20] INFO TransactionApi.Services.TransactionService - Starting transaction validation.
2025-03-22 21:51:40,045 [20] INFO TransactionApi.Services.TransactionService - Signature validated successfully.
2025-03-22 21:51:40,045 [20] INFO TransactionApi.Services.TransactionService - Timestamp validated successfully.
2025-03-22 21:51:40,045 [20] INFO TransactionApi.Services.TransactionService - Timestamp validated successfully.
2025-03-22 21:51:40,045 [20] INFO TransactionApi.Services.TransactionService - Sig validated successfully.
2025-03-22 21:51:40,050 [20] WARN TransactionApi.Services.TransactionService - Timestamp expired: Request time 3/22/2025 1:43:53 PM, Server time 3/22/2025 1:51:40 PM
2025-03-22 21:51:40,051 [20] INFO TransactionApi.Services.TransactionService - Response :{
  "Result": 0,
  "TotalAmount": null,
  "TotalDiscount": null,
  "FinalAmount": null,
  "ResultMessage": "Timestamp Expired"
}
2025-03-22 21:51:40,051 [20] INFO TransactionApi.Services.TransactionService - Response :{
  "Result": 0,
  "TotalAmount": null,
  "TotalDiscount": null,
  "FinalAmount": null,
  "ResultMessage": "Timestamp Expired"
}
2025-03-22 21:52:09,881 [22] INFO TransactionApi.Services.TransactionService - Request :{
  "PartnerKey": "FAKEGOOGLE",
  "PartnerRefNo": "FG-00001",
  "PartnerPassword": "RkFLRVBBU1NXT1JEMTIzNA==",
  "TotalAmount": 60000,
  "Items": [
    {
      "PartnerItemRef": "i-00001",
      "Name": "Eraser",
      "Qty": 5,
      "UnitPrice": 12000
    }
  ],
  "Timestamp": "2025-03-22T13:51:55.4138992Z",
  "Sig": "rMgcvhUj+8Kj39Pfll/k/ka9d4CL0A0utxieehlgAY0="
}
2025-03-22 21:52:09,882 [22] INFO TransactionApi.Services.TransactionService - Starting transaction validation.
2025-03-22 21:52:09,884 [22] INFO TransactionApi.Services.TransactionService - Signature validated successfully.
2025-03-22 21:52:09,884 [22] INFO TransactionApi.Services.TransactionService - Timestamp validated successfully.
2025-03-22 21:52:09,884 [22] INFO TransactionApi.Services.TransactionService - Timestamp validated successfully.
2025-03-22 21:52:09,884 [22] INFO TransactionApi.Services.TransactionService - Sig validated successfully.
2025-03-22 21:52:09,893 [22] INFO TransactionApi.Services.TransactionService - Signature validated successfully.
2025-03-22 21:52:10,978 [22] INFO TransactionApi.Services.TransactionService - Response :{
  "Result": 1,
  "TotalAmount": 60000,
  "TotalDiscount": 0,
  "FinalAmount": 60000,
  "ResultMessage": null
}
2025-03-22 21:52:35,619 [29] INFO TransactionApi.Services.TransactionService - Request :{
  "PartnerKey": "FAKEGOOGLE",
  "PartnerRefNo": "FG-00001",
  "PartnerPassword": "RkFLRVBBU1NXT1JEMTIzNA==",
  "TotalAmount": 60000,
  "Items": [
    {
      "PartnerItemRef": "i-00001",
      "Name": "Eraser",
      "Qty": 5,
      "UnitPrice": 12000
    }
  ],
  "Timestamp": "2025-03-22T13:51:55.4138992Z",
  "Sig": "rMgcvhUj+8Kj39Pfll/k/ka9d4CL0A0utxieehlgAY0="
}
2025-03-22 21:52:35,773 [29] INFO TransactionApi.Services.TransactionService - Starting transaction validation.
2025-03-22 21:52:36,671 [29] INFO TransactionApi.Services.TransactionService - Signature validated successfully.
2025-03-22 21:52:36,844 [29] INFO TransactionApi.Services.TransactionService - Timestamp validated successfully.
2025-03-22 21:52:37,433 [29] INFO TransactionApi.Services.TransactionService - Timestamp validated successfully.
2025-03-22 21:52:38,042 [29] INFO TransactionApi.Services.TransactionService - Sig validated successfully.
2025-03-22 21:52:41,940 [29] INFO TransactionApi.Services.TransactionService - Signature validated successfully.
2025-03-22 21:55:50,347 [24] INFO TransactionApi.Services.TransactionService - Request :{
  "PartnerKey": "FAKEGOOGLE",
  "PartnerRefNo": "FG-00001",
  "PartnerPassword": "RkFLRVBBU1NXT1JEMTIzNA==",
  "TotalAmount": 60000,
  "Items": [
    {
      "PartnerItemRef": "i-00001",
      "Name": "Eraser",
      "Qty": 5,
      "UnitPrice": 12000
    }
  ],
  "Timestamp": "2025-03-22T13:55:28.3437572Z",
  "Sig": "zOQ/12UbfJZY8jNTqFbP1NNXV/ik2zbAoq2OTAUNGc8="
}
2025-03-22 21:55:50,901 [24] INFO TransactionApi.Services.TransactionService - Starting transaction validation.
2025-03-22 21:55:51,134 [24] INFO TransactionApi.Services.TransactionService - Signature validated successfully.
2025-03-22 21:55:51,298 [24] INFO TransactionApi.Services.TransactionService - Timestamp validated successfully.
2025-03-22 21:55:51,792 [24] INFO TransactionApi.Services.TransactionService - Timestamp validated successfully.
2025-03-22 21:55:52,521 [24] INFO TransactionApi.Services.TransactionService - Sig validated successfully.
2025-03-22 21:55:57,615 [24] INFO TransactionApi.Services.TransactionService - Signature validated successfully.
2025-03-22 21:58:52,628 [13] INFO TransactionApi.Services.TransactionService - Request :{
  "PartnerKey": "FAKEGOOGLE",
  "PartnerRefNo": "FG-00001",
  "PartnerPassword": "RkFLRVBBU1NXT1JEMTIzNA==",
  "TotalAmount": 60000,
  "Items": [
    {
      "PartnerItemRef": "i-00001",
      "Name": "Eraser",
      "Qty": 5,
      "UnitPrice": 12000
    }
  ],
  "Timestamp": "2025-03-22T13:58:35.5676561Z",
  "Sig": "vquzJdrR5dcDCpsXnDoHHqc8ya3fmdYk0HEVZSA7Ok8="
}
2025-03-22 21:58:52,808 [13] INFO TransactionApi.Services.TransactionService - Starting transaction validation.
2025-03-22 21:58:53,051 [13] INFO TransactionApi.Services.TransactionService - Signature validated successfully.
2025-03-22 21:58:53,219 [13] INFO TransactionApi.Services.TransactionService - Timestamp validated successfully.
2025-03-22 21:58:53,386 [13] INFO TransactionApi.Services.TransactionService - Timestamp validated successfully.
2025-03-22 21:58:53,538 [13] INFO TransactionApi.Services.TransactionService - Sig validated successfully.
2025-03-22 21:58:55,843 [13] INFO TransactionApi.Services.TransactionService - Signature validated successfully.
2025-03-22 22:01:32,882 [12] INFO TransactionApi.Services.TransactionService - Request :{
  "PartnerKey": "FAKEGOOGLE",
  "PartnerRefNo": "FG-00001",
  "PartnerPassword": "RkFLRVBBU1NXT1JEMTIzNA==",
  "TotalAmount": 120000,
  "Items": [
    {
      "PartnerItemRef": "i-00001",
      "Name": "Vacuum",
      "Qty": 5,
      "UnitPrice": 24000
    }
  ],
  "Timestamp": "2025-03-22T14:01:19.8122169Z",
  "Sig": "MsAPnPg7h1hIN046uxzwSOaABfGkZwawesQFhsj0Mck="
}
2025-03-22 22:01:33,032 [12] INFO TransactionApi.Services.TransactionService - Starting transaction validation.
2025-03-22 22:01:33,277 [12] INFO TransactionApi.Services.TransactionService - Signature validated successfully.
2025-03-22 22:01:33,458 [12] INFO TransactionApi.Services.TransactionService - Timestamp validated successfully.
2025-03-22 22:01:33,635 [12] INFO TransactionApi.Services.TransactionService - Timestamp validated successfully.
2025-03-22 22:01:33,792 [12] INFO TransactionApi.Services.TransactionService - Sig validated successfully.
2025-03-22 22:01:35,902 [12] INFO TransactionApi.Services.TransactionService - Signature validated successfully.
2025-03-22 22:03:55,521 [12] INFO TransactionApi.Services.TransactionService - Request :{
  "PartnerKey": "FAKEGOOGLE",
  "PartnerRefNo": "FG-00001",
  "PartnerPassword": "RkFLRVBBU1NXT1JEMTIzNA==",
  "TotalAmount": 120500,
  "Items": [
    {
      "PartnerItemRef": "i-00001",
      "Name": "Vacuum",
      "Qty": 5,
      "UnitPrice": 24100
    }
  ],
  "Timestamp": "2025-03-22T14:03:39.8324732Z",
  "Sig": "CMe/xGsK/d3p/s8rp58F1cwlSpmU1TNU6Pr7yCbf1i8="
}
2025-03-22 22:03:55,711 [12] INFO TransactionApi.Services.TransactionService - Starting transaction validation.
2025-03-22 22:03:55,952 [12] INFO TransactionApi.Services.TransactionService - Signature validated successfully.
2025-03-22 22:03:56,122 [12] INFO TransactionApi.Services.TransactionService - Timestamp validated successfully.
2025-03-22 22:03:56,290 [12] INFO TransactionApi.Services.TransactionService - Timestamp validated successfully.
2025-03-22 22:03:56,446 [12] INFO TransactionApi.Services.TransactionService - Sig validated successfully.
2025-03-22 22:03:58,850 [12] INFO TransactionApi.Services.TransactionService - Signature validated successfully.
2025-03-22 22:15:37,415 [20] INFO TransactionApi.Services.TransactionService - Request :{
  "PartnerKey": "FAKEGOOGLE",
  "PartnerRefNo": "FG-00001",
  "PartnerPassword": "RkFLRVBBU1NXT1JEMTIzNA==",
  "TotalAmount": 120500,
  "Items": [
    {
      "PartnerItemRef": "i-00001",
      "Name": "Vacuum",
      "Qty": 5,
      "UnitPrice": 24100
    }
  ],
  "Timestamp": "2025-03-22T14:15:12.4200882Z",
  "Sig": "8mpok+mL7yvLG2lC8yc++Qy03IUMdX8c+15YeA/ezO4="
}
2025-03-22 22:15:37,953 [20] INFO TransactionApi.Services.TransactionService - Starting transaction validation.
2025-03-22 22:15:38,121 [20] INFO TransactionApi.Services.TransactionService - Signature validated successfully.
2025-03-22 22:15:38,246 [20] INFO TransactionApi.Services.TransactionService - Timestamp validated successfully.
2025-03-22 22:15:38,364 [20] INFO TransactionApi.Services.TransactionService - Timestamp validated successfully.
2025-03-22 22:15:40,250 [20] INFO TransactionApi.Services.TransactionService - Sig validated successfully.
2025-03-22 22:15:44,865 [20] INFO TransactionApi.Services.TransactionService - Signature validated successfully.
2025-03-22 22:17:02,872 [20] INFO TransactionApi.Services.TransactionService - Response :{
  "Result": 0,
  "TotalAmount": null,
  "TotalDiscount": null,
  "FinalAmount": null,
  "ResultMessage": null
}
2025-03-22 22:17:09,112 [31] INFO TransactionApi.Services.TransactionService - Request :{
  "PartnerKey": "FAKEGOOGLE",
  "PartnerRefNo": "FG-00001",
  "PartnerPassword": "RkFLRVBBU1NXT1JEMTIzNA==",
  "TotalAmount": 120500,
  "Items": [
    {
      "PartnerItemRef": "i-00001",
      "Name": "Vacuum",
      "Qty": 5,
      "UnitPrice": 24100
    }
  ],
  "Timestamp": "2025-03-22T14:15:12.4200882Z",
  "Sig": "8mpok+mL7yvLG2lC8yc++Qy03IUMdX8c+15YeA/ezO4="
}
2025-03-22 22:17:09,112 [31] INFO TransactionApi.Services.TransactionService - Starting transaction validation.
2025-03-22 22:17:09,112 [31] INFO TransactionApi.Services.TransactionService - Signature validated successfully.
2025-03-22 22:17:09,112 [31] INFO TransactionApi.Services.TransactionService - Timestamp validated successfully.
2025-03-22 22:17:09,112 [31] INFO TransactionApi.Services.TransactionService - Timestamp validated successfully.
2025-03-22 22:17:09,112 [31] INFO TransactionApi.Services.TransactionService - Sig validated successfully.
2025-03-22 22:17:09,112 [31] INFO TransactionApi.Services.TransactionService - Signature validated successfully.
2025-03-22 22:18:28,037 [31] INFO TransactionApi.Services.TransactionService - Response :{
  "Result": 0,
  "TotalAmount": null,
  "TotalDiscount": null,
  "FinalAmount": null,
  "ResultMessage": null
}
2025-03-22 22:22:54,006 [22] INFO TransactionApi.Services.TransactionService - Request :{
  "PartnerKey": "FAKEGOOGLE",
  "PartnerRefNo": "FG-00001",
  "PartnerPassword": "RkFLRVBBU1NXT1JEMTIzNA==",
  "TotalAmount": 120500,
  "Items": [
    {
      "PartnerItemRef": "i-00001",
      "Name": "Vacuum",
      "Qty": 5,
      "UnitPrice": 24100
    }
  ],
  "Timestamp": "2025-03-22T14:22:29.0207110Z",
  "Sig": "CCJYeSg5/yrnlPb4siydK69lfW3HprtywbmCefwJ1lw="
}
2025-03-22 22:22:54,014 [22] INFO TransactionApi.Services.TransactionService - Starting transaction validation.
2025-03-22 22:22:54,014 [22] INFO TransactionApi.Services.TransactionService - Signature validated successfully.
2025-03-22 22:22:54,014 [22] INFO TransactionApi.Services.TransactionService - Timestamp validated successfully.
2025-03-22 22:22:54,014 [22] INFO TransactionApi.Services.TransactionService - Timestamp validated successfully.
2025-03-22 22:22:54,014 [22] INFO TransactionApi.Services.TransactionService - Sig validated successfully.
2025-03-22 22:22:54,018 [22] INFO TransactionApi.Services.TransactionService - Signature validated successfully.
2025-03-22 22:23:21,862 [22] INFO TransactionApi.Services.TransactionService - Response :{
  "Result": 0,
  "TotalAmount": null,
  "TotalDiscount": null,
  "FinalAmount": null,
  "ResultMessage": null
}
2025-03-22 22:35:38,564 [17] INFO TransactionApi.Services.TransactionService - Request :{
  "PartnerKey": "FAKEGOOGLE",
  "PartnerRefNo": "FG-00001",
  "PartnerPassword": "RkFLRVBBU1NXT1JEMTIzNA==",
  "TotalAmount": 120500,
  "Items": [
    {
      "PartnerItemRef": "i-00001",
      "Name": "Vacuum",
      "Qty": 5,
      "UnitPrice": 24100
    }
  ],
  "Timestamp": "2025-03-22T14:34:23.2523833Z",
  "Sig": "LDzbf49E3W/I8oHxlnGYlGKtIN0V76xaR/gYPeJOj88="
}
2025-03-22 22:35:38,572 [17] INFO TransactionApi.Services.TransactionService - Starting transaction validation.
2025-03-22 22:35:38,573 [17] INFO TransactionApi.Services.TransactionService - Signature validated successfully.
2025-03-22 22:35:38,573 [17] INFO TransactionApi.Services.TransactionService - Timestamp validated successfully.
2025-03-22 22:35:38,573 [17] INFO TransactionApi.Services.TransactionService - Timestamp validated successfully.
2025-03-22 22:35:38,573 [17] INFO TransactionApi.Services.TransactionService - Sig validated successfully.
2025-03-22 22:35:38,576 [17] INFO TransactionApi.Services.TransactionService - Signature validated successfully.
2025-03-22 22:35:40,208 [17] INFO TransactionApi.Services.TransactionService - Response :{
  "Result": 0,
  "TotalAmount": null,
  "TotalDiscount": null,
  "FinalAmount": null,
  "ResultMessage": null
}
2025-03-22 22:36:17,816 [21] INFO TransactionApi.Services.TransactionService - Request :{
  "PartnerKey": "FAKEGOOGLE",
  "PartnerRefNo": "FG-00001",
  "PartnerPassword": "RkFLRVBBU1NXT1JEMTIzNA==",
  "TotalAmount": 120500,
  "Items": [
    {
      "PartnerItemRef": "i-00001",
      "Name": "Vacuum",
      "Qty": 5,
      "UnitPrice": 24100
    }
  ],
  "Timestamp": "2025-03-22T14:34:23.2523833Z",
  "Sig": "LDzbf49E3W/I8oHxlnGYlGKtIN0V76xaR/gYPeJOj88="
}
2025-03-22 22:36:17,816 [21] INFO TransactionApi.Services.TransactionService - Starting transaction validation.
2025-03-22 22:36:17,816 [21] INFO TransactionApi.Services.TransactionService - Signature validated successfully.
2025-03-22 22:36:17,817 [21] INFO TransactionApi.Services.TransactionService - Timestamp validated successfully.
2025-03-22 22:36:17,850 [21] INFO TransactionApi.Services.TransactionService - Timestamp validated successfully.
2025-03-22 22:36:17,851 [21] INFO TransactionApi.Services.TransactionService - Sig validated successfully.
2025-03-22 22:36:17,851 [21] INFO TransactionApi.Services.TransactionService - Signature validated successfully.
2025-03-22 22:41:54,062 [21] INFO TransactionApi.Services.TransactionService - Request :{
  "PartnerKey": "FAKEGOOGLE",
  "PartnerRefNo": "FG-00001",
  "PartnerPassword": "RkFLRVBBU1NXT1JEMTIzNA==",
  "TotalAmount": 120500,
  "Items": [
    {
      "PartnerItemRef": "i-00001",
      "Name": "Vacuum",
      "Qty": 5,
      "UnitPrice": 24100
    }
  ],
  "Timestamp": "2025-03-22T14:41:20.1909227Z",
  "Sig": "826CJpGDwBXeShpD7F9nsO3Abr8vC+BPDnyl4wjx+0I="
}
2025-03-22 22:41:54,069 [21] INFO TransactionApi.Services.TransactionService - Starting transaction validation.
2025-03-22 22:41:54,070 [21] INFO TransactionApi.Services.TransactionService - Signature validated successfully.
2025-03-22 22:41:54,070 [21] INFO TransactionApi.Services.TransactionService - Timestamp validated successfully.
2025-03-22 22:41:54,070 [21] INFO TransactionApi.Services.TransactionService - Timestamp validated successfully.
2025-03-22 22:41:54,070 [21] INFO TransactionApi.Services.TransactionService - Sig validated successfully.
2025-03-22 22:41:54,074 [21] INFO TransactionApi.Services.TransactionService - Signature validated successfully.
2025-03-22 22:42:15,807 [21] INFO TransactionApi.Services.TransactionService - Response :{
  "Result": 0,
  "TotalAmount": null,
  "TotalDiscount": null,
  "FinalAmount": null,
  "ResultMessage": null
}
2025-03-22 22:42:48,813 [21] INFO TransactionApi.Services.TransactionService - Request :{
  "PartnerKey": "FAKEGOOGLE",
  "PartnerRefNo": "FG-00001",
  "PartnerPassword": "RkFLRVBBU1NXT1JEMTIzNA==",
  "TotalAmount": 120500,
  "Items": [
    {
      "PartnerItemRef": "i-00001",
      "Name": "Vacuum",
      "Qty": 5,
      "UnitPrice": 24100
    }
  ],
  "Timestamp": "2025-03-22T14:34:23.2523833Z",
  "Sig": "LDzbf49E3W/I8oHxlnGYlGKtIN0V76xaR/gYPeJOj88="
}
2025-03-22 22:42:48,946 [21] INFO TransactionApi.Services.TransactionService - Starting transaction validation.
2025-03-22 22:42:49,809 [21] INFO TransactionApi.Services.TransactionService - Signature validated successfully.
2025-03-22 22:42:49,973 [21] INFO TransactionApi.Services.TransactionService - Timestamp validated successfully.
2025-03-22 22:42:50,688 [21] INFO TransactionApi.Services.TransactionService - Timestamp validated successfully.
2025-03-22 22:42:52,969 [21] INFO TransactionApi.Services.TransactionService - Sig validated successfully.
2025-03-22 22:42:52,970 [21] WARN TransactionApi.Services.TransactionService - Timestamp expired: Request time 3/22/2025 2:34:23 PM, Server time 3/22/2025 2:42:52 PM
2025-03-22 22:42:52,970 [21] INFO TransactionApi.Services.TransactionService - Response :{
  "Result": 0,
  "TotalAmount": null,
  "TotalDiscount": null,
  "FinalAmount": null,
  "ResultMessage": "Timestamp Expired"
}
2025-03-22 22:42:52,970 [21] INFO TransactionApi.Services.TransactionService - Response :{
  "Result": 0,
  "TotalAmount": null,
  "TotalDiscount": null,
  "FinalAmount": null,
  "ResultMessage": "Timestamp Expired"
}
2025-03-22 22:43:19,029 [20] INFO TransactionApi.Services.TransactionService - Request :{
  "PartnerKey": "FAKEGOOGLE",
  "PartnerRefNo": "FG-00001",
  "PartnerPassword": "RkFLRVBBU1NXT1JEMTIzNA==",
  "TotalAmount": 120500,
  "Items": [
    {
      "PartnerItemRef": "i-00001",
      "Name": "Vacuum",
      "Qty": 5,
      "UnitPrice": 24100
    }
  ],
  "Timestamp": "2025-03-22T14:41:20.1909227Z",
  "Sig": "826CJpGDwBXeShpD7F9nsO3Abr8vC+BPDnyl4wjx+0I="
}
2025-03-22 22:43:19,030 [20] INFO TransactionApi.Services.TransactionService - Starting transaction validation.
2025-03-22 22:43:19,030 [20] INFO TransactionApi.Services.TransactionService - Signature validated successfully.
2025-03-22 22:43:19,030 [20] INFO TransactionApi.Services.TransactionService - Timestamp validated successfully.
2025-03-22 22:43:19,030 [20] INFO TransactionApi.Services.TransactionService - Timestamp validated successfully.
2025-03-22 22:43:19,030 [20] INFO TransactionApi.Services.TransactionService - Sig validated successfully.
2025-03-22 22:43:19,030 [20] INFO TransactionApi.Services.TransactionService - Signature validated successfully.
2025-03-22 22:43:21,712 [20] INFO TransactionApi.Services.TransactionService - Response :{
  "Result": 0,
  "TotalAmount": null,
  "TotalDiscount": null,
  "FinalAmount": null,
  "ResultMessage": null
}
2025-03-22 22:52:04,003 [16] INFO TransactionApi.Services.TransactionService - Request :{
  "PartnerKey": "FAKEGOOGLE",
  "PartnerRefNo": "FG-00001",
  "PartnerPassword": "RkFLRVBBU1NXT1JEMTIzNA==",
  "TotalAmount": 100000,
  "Items": [
    {
      "PartnerItemRef": "i-00001",
      "Name": "Notebook",
      "Qty": 5,
      "UnitPrice": 20000
    }
  ],
  "Timestamp": "2025-03-22T14:51:49.3223285Z",
  "Sig": "Oldam2yuwHlklYowJxnD6RqojJGgPvwIsi/mcTdO+pU="
}
2025-03-22 22:52:04,020 [16] INFO TransactionApi.Services.TransactionService - Starting transaction validation.
2025-03-22 22:52:04,021 [16] INFO TransactionApi.Services.TransactionService - Signature validated successfully.
2025-03-22 22:52:04,021 [16] INFO TransactionApi.Services.TransactionService - Timestamp validated successfully.
2025-03-22 22:52:04,021 [16] INFO TransactionApi.Services.TransactionService - Timestamp validated successfully.
2025-03-22 22:52:04,021 [16] INFO TransactionApi.Services.TransactionService - Sig validated successfully.
2025-03-22 22:52:04,025 [16] INFO TransactionApi.Services.TransactionService - Signature validated successfully.
2025-03-22 22:52:06,183 [16] INFO TransactionApi.Services.TransactionService - Response :{
  "Result": 0,
  "TotalAmount": null,
  "TotalDiscount": null,
  "FinalAmount": null,
  "ResultMessage": null
}
2025-03-22 23:03:13,991 [17] INFO TransactionApi.Services.TransactionService - Request :{
  "PartnerKey": "FAKEGOOGLE",
  "PartnerRefNo": "FG-00001",
  "PartnerPassword": "RkFLRVBBU1NXT1JEMTIzNA==",
  "TotalAmount": 1000,
  "Items": [
    {
      "PartnerItemRef": "i-00001",
      "Name": "Pen",
      "Qty": 4,
      "UnitPrice": 200
    },
    {
      "PartnerItemRef": "i-00002",
      "Name": "Ruler",
      "Qty": 2,
      "UnitPrice": 100
    }
  ],
  "Timestamp": "2024-08-15T02:11:22.0000000Z",
  "Sig": "MDE3ZTBkODg4ZDNhYzU0ZDBlZWRmNmU2NmUyOWRhZWU4Y2M1NzQ1OTIzZGRjYTc1ZGNjOTkwYzg2MWJlMDExMw=="
}
2025-03-22 23:03:13,995 [17] INFO TransactionApi.Services.TransactionService - Starting transaction validation.
2025-03-22 23:03:13,995 [17] INFO TransactionApi.Services.TransactionService - Signature validated successfully.
2025-03-22 23:03:13,995 [17] INFO TransactionApi.Services.TransactionService - Timestamp validated successfully.
2025-03-22 23:03:13,995 [17] INFO TransactionApi.Services.TransactionService - Timestamp validated successfully.
2025-03-22 23:03:13,995 [17] INFO TransactionApi.Services.TransactionService - Sig validated successfully.
2025-03-22 23:03:13,996 [17] WARN TransactionApi.Services.TransactionService - Timestamp expired: Request time 8/15/2024 2:11:22 AM, Server time 3/22/2025 3:03:13 PM
2025-03-22 23:03:13,997 [17] INFO TransactionApi.Services.TransactionService - Response :{
  "Result": 0,
  "TotalAmount": null,
  "TotalDiscount": null,
  "FinalAmount": null,
  "ResultMessage": "Timestamp Expired"
}
2025-03-22 23:03:13,997 [17] INFO TransactionApi.Services.TransactionService - Response :{
  "Result": 0,
  "TotalAmount": null,
  "TotalDiscount": null,
  "FinalAmount": null,
  "ResultMessage": "Timestamp Expired"
}
2025-03-22 23:03:14,026 [17] INFO TransactionApi.Services.TransactionService - Request :{
  "PartnerKey": "FAKEGOOGLE",
  "PartnerRefNo": "FG-00001",
  "PartnerPassword": "RkFLRVBBU1NXT1JEMTIzNA==",
  "TotalAmount": 1000,
  "Items": [
    {
      "PartnerItemRef": "i-00001",
      "Name": "Pen",
      "Qty": 4,
      "UnitPrice": 200
    },
    {
      "PartnerItemRef": "i-00002",
      "Name": "Ruler",
      "Qty": 2,
      "UnitPrice": 100
    }
  ],
  "Timestamp": "2024-08-15T02:11:22.0000000Z",
  "Sig": "MDE3ZTBkODg4ZDNhYzU0ZDBlZWRmNmU2NmUyOWRhZWU4Y2M1NzQ1OTIzZGRjYTc1ZGNjOTkwYzg2MWJlMDExMw=="
}
2025-03-22 23:03:14,026 [17] INFO TransactionApi.Services.TransactionService - Starting transaction validation.
2025-03-22 23:03:14,026 [17] INFO TransactionApi.Services.TransactionService - Signature validated successfully.
2025-03-22 23:03:14,026 [17] INFO TransactionApi.Services.TransactionService - Timestamp validated successfully.
2025-03-22 23:03:14,026 [17] INFO TransactionApi.Services.TransactionService - Timestamp validated successfully.
2025-03-22 23:03:14,026 [17] INFO TransactionApi.Services.TransactionService - Sig validated successfully.
2025-03-22 23:03:14,026 [17] WARN TransactionApi.Services.TransactionService - Timestamp expired: Request time 8/15/2024 2:11:22 AM, Server time 3/22/2025 3:03:14 PM
2025-03-22 23:03:14,026 [17] INFO TransactionApi.Services.TransactionService - Response :{
  "Result": 0,
  "TotalAmount": null,
  "TotalDiscount": null,
  "FinalAmount": null,
  "ResultMessage": "Timestamp Expired"
}
2025-03-22 23:03:14,026 [17] INFO TransactionApi.Services.TransactionService - Response :{
  "Result": 0,
  "TotalAmount": null,
  "TotalDiscount": null,
  "FinalAmount": null,
  "ResultMessage": "Timestamp Expired"
}
2025-03-22 23:03:14,030 [17] INFO TransactionApi.Services.TransactionService - Request :{
  "PartnerKey": "FAKEGOOGLE",
  "PartnerRefNo": "FG-00001",
  "PartnerPassword": "RkFLRVBBU1NXT1JEMTIzNA==",
  "TotalAmount": 1000,
  "Items": [
    {
      "PartnerItemRef": "i-00001",
      "Name": "Pen",
      "Qty": 4,
      "UnitPrice": 200
    }
  ],
  "Timestamp": "2024-08-15T02:11:22.0000000Z",
  "Sig": "InvalidSig=="
}
2025-03-22 23:03:14,030 [17] INFO TransactionApi.Services.TransactionService - Starting transaction validation.
2025-03-22 23:03:14,030 [17] INFO TransactionApi.Services.TransactionService - Signature validated successfully.
2025-03-22 23:03:14,030 [17] INFO TransactionApi.Services.TransactionService - Timestamp validated successfully.
2025-03-22 23:03:14,030 [17] INFO TransactionApi.Services.TransactionService - Timestamp validated successfully.
2025-03-22 23:03:14,030 [17] INFO TransactionApi.Services.TransactionService - Sig validated successfully.
2025-03-22 23:03:14,030 [17] WARN TransactionApi.Services.TransactionService - Timestamp expired: Request time 8/15/2024 2:11:22 AM, Server time 3/22/2025 3:03:14 PM
2025-03-22 23:03:14,030 [17] INFO TransactionApi.Services.TransactionService - Response :{
  "Result": 0,
  "TotalAmount": null,
  "TotalDiscount": null,
  "FinalAmount": null,
  "ResultMessage": "Timestamp Expired"
}
2025-03-22 23:03:14,030 [17] INFO TransactionApi.Services.TransactionService - Response :{
  "Result": 0,
  "TotalAmount": null,
  "TotalDiscount": null,
  "FinalAmount": null,
  "ResultMessage": "Timestamp Expired"
}
2025-03-22 23:03:48,398 [19] INFO TransactionApi.Services.TransactionService - Request :{
  "PartnerKey": "FAKEGOOGLE",
  "PartnerRefNo": "FG-00001",
  "PartnerPassword": "RkFLRVBBU1NXT1JEMTIzNA==",
  "TotalAmount": 1000,
  "Items": [
    {
      "PartnerItemRef": "i-00001",
      "Name": "Pen",
      "Qty": 4,
      "UnitPrice": 200
    },
    {
      "PartnerItemRef": "i-00002",
      "Name": "Ruler",
      "Qty": 2,
      "UnitPrice": 100
    }
  ],
  "Timestamp": "2024-08-15T02:11:22.0000000Z",
  "Sig": "MDE3ZTBkODg4ZDNhYzU0ZDBlZWRmNmU2NmUyOWRhZWU4Y2M1NzQ1OTIzZGRjYTc1ZGNjOTkwYzg2MWJlMDExMw=="
}
2025-03-22 23:03:48,402 [19] INFO TransactionApi.Services.TransactionService - Starting transaction validation.
2025-03-22 23:03:48,402 [19] INFO TransactionApi.Services.TransactionService - Signature validated successfully.
2025-03-22 23:03:48,402 [19] INFO TransactionApi.Services.TransactionService - Timestamp validated successfully.
2025-03-22 23:03:48,402 [19] INFO TransactionApi.Services.TransactionService - Timestamp validated successfully.
2025-03-22 23:03:48,402 [19] INFO TransactionApi.Services.TransactionService - Sig validated successfully.
2025-03-22 23:03:48,403 [19] WARN TransactionApi.Services.TransactionService - Timestamp expired: Request time 8/15/2024 2:11:22 AM, Server time 3/22/2025 3:03:48 PM
2025-03-22 23:03:48,404 [19] INFO TransactionApi.Services.TransactionService - Response :{
  "Result": 0,
  "TotalAmount": null,
  "TotalDiscount": null,
  "FinalAmount": null,
  "ResultMessage": "Timestamp Expired"
}
2025-03-22 23:03:48,404 [19] INFO TransactionApi.Services.TransactionService - Response :{
  "Result": 0,
  "TotalAmount": null,
  "TotalDiscount": null,
  "FinalAmount": null,
  "ResultMessage": "Timestamp Expired"
}
2025-03-22 23:03:48,417 [19] INFO TransactionApi.Services.TransactionService - Request :{
  "PartnerKey": "FAKEGOOGLE",
  "PartnerRefNo": "FG-00001",
  "PartnerPassword": "RkFLRVBBU1NXT1JEMTIzNA==",
  "TotalAmount": 1000,
  "Items": [
    {
      "PartnerItemRef": "i-00001",
      "Name": "Pen",
      "Qty": 4,
      "UnitPrice": 200
    },
    {
      "PartnerItemRef": "i-00002",
      "Name": "Ruler",
      "Qty": 2,
      "UnitPrice": 100
    }
  ],
  "Timestamp": "2024-08-15T02:11:22.0000000Z",
  "Sig": "MDE3ZTBkODg4ZDNhYzU0ZDBlZWRmNmU2NmUyOWRhZWU4Y2M1NzQ1OTIzZGRjYTc1ZGNjOTkwYzg2MWJlMDExMw=="
}
2025-03-22 23:03:48,417 [19] INFO TransactionApi.Services.TransactionService - Starting transaction validation.
2025-03-22 23:03:48,417 [19] INFO TransactionApi.Services.TransactionService - Signature validated successfully.
2025-03-22 23:03:48,417 [19] INFO TransactionApi.Services.TransactionService - Timestamp validated successfully.
2025-03-22 23:03:48,417 [19] INFO TransactionApi.Services.TransactionService - Timestamp validated successfully.
2025-03-22 23:03:48,417 [19] INFO TransactionApi.Services.TransactionService - Sig validated successfully.
2025-03-22 23:03:48,417 [19] WARN TransactionApi.Services.TransactionService - Timestamp expired: Request time 8/15/2024 2:11:22 AM, Server time 3/22/2025 3:03:48 PM
2025-03-22 23:03:48,417 [19] INFO TransactionApi.Services.TransactionService - Response :{
  "Result": 0,
  "TotalAmount": null,
  "TotalDiscount": null,
  "FinalAmount": null,
  "ResultMessage": "Timestamp Expired"
}
2025-03-22 23:03:48,417 [19] INFO TransactionApi.Services.TransactionService - Response :{
  "Result": 0,
  "TotalAmount": null,
  "TotalDiscount": null,
  "FinalAmount": null,
  "ResultMessage": "Timestamp Expired"
}
2025-03-22 23:03:48,421 [19] INFO TransactionApi.Services.TransactionService - Request :{
  "PartnerKey": "FAKEGOOGLE",
  "PartnerRefNo": "FG-00001",
  "PartnerPassword": "RkFLRVBBU1NXT1JEMTIzNA==",
  "TotalAmount": 1000,
  "Items": [
    {
      "PartnerItemRef": "i-00001",
      "Name": "Pen",
      "Qty": 4,
      "UnitPrice": 200
    }
  ],
  "Timestamp": "2024-08-15T02:11:22.0000000Z",
  "Sig": "InvalidSig=="
}
2025-03-22 23:03:48,421 [19] INFO TransactionApi.Services.TransactionService - Starting transaction validation.
2025-03-22 23:03:48,421 [19] INFO TransactionApi.Services.TransactionService - Signature validated successfully.
2025-03-22 23:03:48,421 [19] INFO TransactionApi.Services.TransactionService - Timestamp validated successfully.
2025-03-22 23:03:48,421 [19] INFO TransactionApi.Services.TransactionService - Timestamp validated successfully.
2025-03-22 23:03:48,421 [19] INFO TransactionApi.Services.TransactionService - Sig validated successfully.
2025-03-22 23:03:48,421 [19] WARN TransactionApi.Services.TransactionService - Timestamp expired: Request time 8/15/2024 2:11:22 AM, Server time 3/22/2025 3:03:48 PM
2025-03-22 23:03:48,421 [19] INFO TransactionApi.Services.TransactionService - Response :{
  "Result": 0,
  "TotalAmount": null,
  "TotalDiscount": null,
  "FinalAmount": null,
  "ResultMessage": "Timestamp Expired"
}
2025-03-22 23:03:48,421 [19] INFO TransactionApi.Services.TransactionService - Response :{
  "Result": 0,
  "TotalAmount": null,
  "TotalDiscount": null,
  "FinalAmount": null,
  "ResultMessage": "Timestamp Expired"
}
2025-03-22 23:05:42,402 [17] INFO TransactionApi.Services.TransactionService - Request :{
  "PartnerKey": "FAKEGOOGLE",
  "PartnerRefNo": "FG-00001",
  "PartnerPassword": "RkFLRVBBU1NXT1JEMTIzNA==",
  "TotalAmount": 1000,
  "Items": [
    {
      "PartnerItemRef": "i-00001",
      "Name": "Pen",
      "Qty": 4,
      "UnitPrice": 200
    },
    {
      "PartnerItemRef": "i-00002",
      "Name": "Ruler",
      "Qty": 2,
      "UnitPrice": 100
    }
  ],
  "Timestamp": "2024-08-15T02:11:22.0000000Z",
  "Sig": "MDE3ZTBkODg4ZDNhYzU0ZDBlZWRmNmU2NmUyOWRhZWU4Y2M1NzQ1OTIzZGRjYTc1ZGNjOTkwYzg2MWJlMDExMw=="
}
2025-03-22 23:05:42,406 [17] INFO TransactionApi.Services.TransactionService - Starting transaction validation.
2025-03-22 23:05:42,406 [17] INFO TransactionApi.Services.TransactionService - Signature validated successfully.
2025-03-22 23:05:42,406 [17] INFO TransactionApi.Services.TransactionService - Timestamp validated successfully.
2025-03-22 23:05:42,406 [17] INFO TransactionApi.Services.TransactionService - Timestamp validated successfully.
2025-03-22 23:05:42,406 [17] INFO TransactionApi.Services.TransactionService - Sig validated successfully.
2025-03-22 23:05:42,407 [17] WARN TransactionApi.Services.TransactionService - Timestamp expired: Request time 8/15/2024 2:11:22 AM, Server time 3/22/2025 3:05:42 PM
2025-03-22 23:05:42,408 [17] INFO TransactionApi.Services.TransactionService - Response :{
  "Result": 0,
  "TotalAmount": null,
  "TotalDiscount": null,
  "FinalAmount": null,
  "ResultMessage": "Timestamp Expired"
}
2025-03-22 23:05:42,408 [17] INFO TransactionApi.Services.TransactionService - Response :{
  "Result": 0,
  "TotalAmount": null,
  "TotalDiscount": null,
  "FinalAmount": null,
  "ResultMessage": "Timestamp Expired"
}
2025-03-22 23:05:42,434 [17] INFO TransactionApi.Services.TransactionService - Request :{
  "PartnerKey": "FAKEGOOGLE",
  "PartnerRefNo": "FG-00001",
  "PartnerPassword": "RkFLRVBBU1NXT1JEMTIzNA==",
  "TotalAmount": 1000,
  "Items": [
    {
      "PartnerItemRef": "i-00001",
      "Name": "Pen",
      "Qty": 4,
      "UnitPrice": 200
    },
    {
      "PartnerItemRef": "i-00002",
      "Name": "Ruler",
      "Qty": 2,
      "UnitPrice": 100
    }
  ],
  "Timestamp": "2024-08-15T02:11:22.0000000Z",
  "Sig": "MDE3ZTBkODg4ZDNhYzU0ZDBlZWRmNmU2NmUyOWRhZWU4Y2M1NzQ1OTIzZGRjYTc1ZGNjOTkwYzg2MWJlMDExMw=="
}
2025-03-22 23:05:42,434 [17] INFO TransactionApi.Services.TransactionService - Starting transaction validation.
2025-03-22 23:05:42,434 [17] INFO TransactionApi.Services.TransactionService - Signature validated successfully.
2025-03-22 23:05:42,434 [17] INFO TransactionApi.Services.TransactionService - Timestamp validated successfully.
2025-03-22 23:05:42,434 [17] INFO TransactionApi.Services.TransactionService - Timestamp validated successfully.
2025-03-22 23:05:42,434 [17] INFO TransactionApi.Services.TransactionService - Sig validated successfully.
2025-03-22 23:05:42,434 [17] WARN TransactionApi.Services.TransactionService - Timestamp expired: Request time 8/15/2024 2:11:22 AM, Server time 3/22/2025 3:05:42 PM
2025-03-22 23:05:42,434 [17] INFO TransactionApi.Services.TransactionService - Response :{
  "Result": 0,
  "TotalAmount": null,
  "TotalDiscount": null,
  "FinalAmount": null,
  "ResultMessage": "Timestamp Expired"
}
2025-03-22 23:05:42,434 [17] INFO TransactionApi.Services.TransactionService - Response :{
  "Result": 0,
  "TotalAmount": null,
  "TotalDiscount": null,
  "FinalAmount": null,
  "ResultMessage": "Timestamp Expired"
}
2025-03-22 23:05:42,438 [17] INFO TransactionApi.Services.TransactionService - Request :{
  "PartnerKey": "FAKEGOOGLE",
  "PartnerRefNo": "FG-00001",
  "PartnerPassword": "RkFLRVBBU1NXT1JEMTIzNA==",
  "TotalAmount": 1000,
  "Items": [
    {
      "PartnerItemRef": "i-00001",
      "Name": "Pen",
      "Qty": 4,
      "UnitPrice": 200
    }
  ],
  "Timestamp": "2024-08-15T02:11:22.0000000Z",
  "Sig": "InvalidSig=="
}
2025-03-22 23:05:42,439 [17] INFO TransactionApi.Services.TransactionService - Starting transaction validation.
2025-03-22 23:05:42,439 [17] INFO TransactionApi.Services.TransactionService - Signature validated successfully.
2025-03-22 23:05:42,439 [17] INFO TransactionApi.Services.TransactionService - Timestamp validated successfully.
2025-03-22 23:05:42,439 [17] INFO TransactionApi.Services.TransactionService - Timestamp validated successfully.
2025-03-22 23:05:42,439 [17] INFO TransactionApi.Services.TransactionService - Sig validated successfully.
2025-03-22 23:05:42,439 [17] WARN TransactionApi.Services.TransactionService - Timestamp expired: Request time 8/15/2024 2:11:22 AM, Server time 3/22/2025 3:05:42 PM
2025-03-22 23:05:42,439 [17] INFO TransactionApi.Services.TransactionService - Response :{
  "Result": 0,
  "TotalAmount": null,
  "TotalDiscount": null,
  "FinalAmount": null,
  "ResultMessage": "Timestamp Expired"
}
2025-03-22 23:05:42,439 [17] INFO TransactionApi.Services.TransactionService - Response :{
  "Result": 0,
  "TotalAmount": null,
  "TotalDiscount": null,
  "FinalAmount": null,
  "ResultMessage": "Timestamp Expired"
}
2025-03-22 23:14:38,079 [28] INFO TransactionApi.Services.TransactionService - Request :{
  "PartnerKey": "FAKEGOOGLE",
  "PartnerRefNo": "FG-00001",
  "PartnerPassword": "RkFLRVBBU1NXT1JEMTIzNA==",
  "TotalAmount": 100000,
  "Items": [
    {
      "PartnerItemRef": "i-00001",
      "Name": "Notebook",
      "Qty": 5,
      "UnitPrice": 20000
    }
  ],
  "Timestamp": "2025-03-22T15:14:09.3445261Z",
  "Sig": "PElzhlvNOs2S0gREmAjWV5S3Ixn39WYImF5NpYP11QI="
}
2025-03-22 23:14:38,087 [28] INFO TransactionApi.Services.TransactionService - Starting transaction validation.
2025-03-22 23:14:38,088 [28] INFO TransactionApi.Services.TransactionService - Signature validated successfully.
2025-03-22 23:14:38,088 [28] INFO TransactionApi.Services.TransactionService - Timestamp validated successfully.
2025-03-22 23:14:38,088 [28] INFO TransactionApi.Services.TransactionService - Timestamp validated successfully.
2025-03-22 23:14:38,088 [28] INFO TransactionApi.Services.TransactionService - Sig validated successfully.
2025-03-22 23:14:38,093 [28] INFO TransactionApi.Services.TransactionService - Signature validated successfully.
2025-03-22 23:14:38,767 [28] INFO TransactionApi.Services.TransactionService - Response :{
  "Result": 0,
  "TotalAmount": null,
  "TotalDiscount": null,
  "FinalAmount": null,
  "ResultMessage": null
}
2025-03-22 23:16:11,558 [33] INFO TransactionApi.Services.TransactionService - Request :{
  "PartnerKey": "FAKEGOOGLE",
  "PartnerRefNo": "FG-00001",
  "PartnerPassword": "RkFLRVBBU1NXT1JEMTIzNA==",
  "TotalAmount": 120500,
  "Items": [
    {
      "PartnerItemRef": "i-00001",
      "Name": "Vacuum",
      "Qty": 5,
      "UnitPrice": 24100
    }
  ],
  "Timestamp": "2025-03-22T15:14:09.2954441Z",
  "Sig": "QUF+sHreFg5ULtZ5FDNq0z6EjBQ2KDD5bZ8E3fU32Ak="
}
2025-03-22 23:16:11,558 [33] INFO TransactionApi.Services.TransactionService - Starting transaction validation.
2025-03-22 23:16:11,558 [33] INFO TransactionApi.Services.TransactionService - Signature validated successfully.
2025-03-22 23:16:11,558 [33] INFO TransactionApi.Services.TransactionService - Timestamp validated successfully.
2025-03-22 23:16:11,558 [33] INFO TransactionApi.Services.TransactionService - Timestamp validated successfully.
2025-03-22 23:16:11,558 [33] INFO TransactionApi.Services.TransactionService - Sig validated successfully.
2025-03-22 23:16:11,558 [33] INFO TransactionApi.Services.TransactionService - Signature validated successfully.
2025-03-22 23:16:13,876 [33] INFO TransactionApi.Services.TransactionService - Response :{
  "Result": 0,
  "TotalAmount": null,
  "TotalDiscount": null,
  "FinalAmount": null,
  "ResultMessage": null
}
